2016-08-13 20:17:01,363.363 (admin_botos.modules.admin.views) | INFO:            write_log() - Accessing admin index page.
NoneType
2016-08-13 20:17:01,363.363 (voting_botos.modules.voting.views) | DEBUG:            write_log() - Getting user by ID of 1.
NoneType
2016-08-13 20:17:01,366.366 (admin_botos.modules.admin.views) | INFO:            write_log() - Current user is authenticated. Displaying voting page.
NoneType
2016-08-13 20:17:01,366.366 (admin_botos.modules.admin.views) | INFO:            write_log() - Logged in user is an admin. Render admin panel.
NoneType
2016-08-13 20:17:15,624.624 (admin_botos.modules.admin.views) | INFO:            write_log() - Creating a section Mouse under 2.
NoneType
2016-08-13 20:17:15,644.644 (admin_botos.modules.admin.views) | INFO:            write_log() - Accessing admin index page.
NoneType
2016-08-13 20:17:15,644.644 (voting_botos.modules.voting.views) | DEBUG:            write_log() - Getting user by ID of 1.
NoneType
2016-08-13 20:17:15,647.647 (admin_botos.modules.admin.views) | INFO:            write_log() - Current user is authenticated. Displaying voting page.
NoneType
2016-08-13 20:17:15,647.647 (admin_botos.modules.admin.views) | INFO:            write_log() - Logged in user is an admin. Render admin panel.
NoneType
2016-08-13 20:17:41,933.933 (admin_botos.modules.admin.views) | INFO:            write_log() - Accessing admin index page.
NoneType
2016-08-13 20:17:41,934.934 (voting_botos.modules.voting.views) | DEBUG:            write_log() - Getting user by ID of 1.
NoneType
2016-08-13 20:17:41,937.937 (admin_botos.modules.admin.views) | INFO:            write_log() - Current user is authenticated. Displaying voting page.
NoneType
2016-08-13 20:17:41,937.937 (admin_botos.modules.admin.views) | INFO:            write_log() - Logged in user is an admin. Render admin panel.
NoneType
2016-08-13 20:17:51,120.120 (admin_botos.modules.admin.views) | INFO:            write_log() - Creating a section Mouse under 2.
NoneType
2016-08-13 20:17:51,259.259 (admin_botos.modules.admin.views) | INFO:            write_log() - Created section 2 successfully.
NoneType
2016-08-13 20:17:51,289.289 (admin_botos.modules.admin.views) | INFO:            write_log() - Accessing admin index page.
NoneType
2016-08-13 20:17:51,290.290 (voting_botos.modules.voting.views) | DEBUG:            write_log() - Getting user by ID of 1.
NoneType
2016-08-13 20:17:51,292.292 (admin_botos.modules.admin.views) | INFO:            write_log() - Current user is authenticated. Displaying voting page.
NoneType
2016-08-13 20:17:51,292.292 (admin_botos.modules.admin.views) | INFO:            write_log() - Logged in user is an admin. Render admin panel.
NoneType
2016-08-13 20:18:03,877.877 (voting_botos.modules.voting.views) | DEBUG:            write_log() - Getting user by ID of 1.
NoneType
2016-08-13 20:18:03,881.881 (admin_botos.modules.admin.views) | INFO:            write_log() - Logging out user admin.
NoneType
2016-08-13 20:18:03,899.899 (admin_botos.modules.admin.views) | INFO:            write_log() - Accessing admin index page.
NoneType
2016-08-13 20:18:03,900.900 (admin_botos.modules.admin.views) | INFO:            write_log() - Current visitor is anonymous. Might need to say "Who you? You ain't my nigga. Identify!"
NoneType
2016-08-13 20:18:03,906.906 (voting_botos.modules.voting.views) | INFO:            write_log() - Accessing index page.
NoneType
2016-08-13 20:18:03,906.906 (voting_botos.modules.voting.views) | INFO:            write_log() - Current visitor is anonymous or inactive. Might need to say "Who you? You ain't my nigga."
NoneType
2016-08-13 20:20:18,089.89 (voting_botos.modules.voting.views) | INFO:            write_log() - Attempting to log in user qWpdw8Fn.
NoneType
2016-08-13 20:20:18,502.502 (voting_botos.modules.voting.views) | INFO:            write_log() - User qWpdw8Fn logged in successfully.
NoneType
2016-08-13 20:20:18,502.502 (voting_botos.modules.voting.views) | DEBUG:            write_log() - Current user role: voter
NoneType
2016-08-13 20:20:18,503.503 (voting_botos.modules.voting.views) | INFO:            write_log() - Username or password not entered.
NoneType
2016-08-13 20:20:18,510.510 (voting_botos.modules.voting.views) | INFO:            write_log() - Accessing index page.
NoneType
2016-08-13 20:20:18,511.511 (voting_botos.modules.voting.views) | DEBUG:            write_log() - Getting user by ID of 6.
NoneType
2016-08-13 20:20:18,514.514 (voting_botos.modules.voting.views) | INFO:            write_log() - Current user is authenticated. Displaying voting page.
NoneType
2016-08-13 20:20:18,514.514 (voting_botos.modules.voting.views) | INFO:            write_log() - Logged in user is a voter. Displaying the voting page.
NoneType
2016-08-13 20:20:18,516.516 (voting_botos.modules.voting.views) | INFO:            write_log() - Generating voting form.
NoneType
2016-08-13 20:20:18,521.521 (voting_botos.modules.voting.views) | INFO:            write_log() - Generating candidate 1.
NoneType
2016-08-13 20:20:18,523.523 (voting_botos.modules.voting.views) | INFO:            write_log() - Generating candidate 2.
NoneType
2016-08-13 20:20:18,527.527 (voting_botos.modules.voting.views) | INFO:            write_log() - Generating candidate 3.
NoneType
2016-08-13 20:20:18,529.529 (voting_botos.modules.voting.views) | INFO:            write_log() - Generating candidate 4.
NoneType
2016-08-13 20:20:23,017.17 (voting_botos.modules.voting.views) | INFO:            write_log() - Generating voting form.
NoneType
2016-08-13 20:20:23,022.22 (voting_botos.modules.voting.views) | INFO:            write_log() - Generating candidate 1.
NoneType
2016-08-13 20:20:23,025.25 (voting_botos.modules.voting.views) | INFO:            write_log() - Generating candidate 2.
NoneType
2016-08-13 20:20:23,031.31 (voting_botos.modules.voting.views) | INFO:            write_log() - Generating candidate 3.
NoneType
2016-08-13 20:20:23,033.33 (voting_botos.modules.voting.views) | INFO:            write_log() - Generating candidate 4.
NoneType
2016-08-13 20:20:23,036.36 (voting_botos.modules.voting.views) | DEBUG:            write_log() - Getting user by ID of 6.
NoneType
2016-08-13 20:20:23,174.174 (voting_botos.modules.voting.views) | DEBUG:            write_log() - Getting user by ID of 6.
NoneType
2016-08-13 20:20:23,177.177 (voting_botos.modules.voting.views) | INFO:            write_log() - Someone attempted to visit the thank you. Not sure if it was a voter, admin, or someone anonymous.
NoneType
2016-08-13 20:20:23,183.183 (voting_botos.modules.voting.views) | INFO:            write_log() - Accessing index page.
NoneType
2016-08-13 20:20:23,184.184 (voting_botos.modules.voting.views) | DEBUG:            write_log() - Getting user by ID of 6.
NoneType
2016-08-13 20:20:23,187.187 (voting_botos.modules.voting.views) | INFO:            write_log() - Current user is authenticated. Displaying voting page.
NoneType
2016-08-13 20:20:23,187.187 (voting_botos.modules.voting.views) | INFO:            write_log() - Current visitor is anonymous or inactive. Might need to say "Who you? You ain't my nigga."
NoneType
2016-08-13 20:20:32,455.455 (voting_botos.modules.voting.views) | INFO:            write_log() - Accessing index page.
NoneType
2016-08-13 20:20:32,456.456 (voting_botos.modules.voting.views) | DEBUG:            write_log() - Getting user by ID of 6.
NoneType
2016-08-13 20:20:32,460.460 (voting_botos.modules.voting.views) | INFO:            write_log() - Current user is authenticated. Displaying voting page.
NoneType
2016-08-13 20:20:32,460.460 (voting_botos.modules.voting.views) | INFO:            write_log() - Current visitor is anonymous or inactive. Might need to say "Who you? You ain't my nigga."
NoneType
2016-08-13 20:20:33,579.579 (voting_botos.modules.voting.views) | INFO:            write_log() - Accessing index page.
NoneType
2016-08-13 20:20:33,580.580 (voting_botos.modules.voting.views) | DEBUG:            write_log() - Getting user by ID of 6.
NoneType
2016-08-13 20:20:33,584.584 (voting_botos.modules.voting.views) | INFO:            write_log() - Current user is authenticated. Displaying voting page.
NoneType
2016-08-13 20:20:33,584.584 (voting_botos.modules.voting.views) | INFO:            write_log() - Current visitor is anonymous or inactive. Might need to say "Who you? You ain't my nigga."
NoneType
2016-08-13 20:20:34,423.423 (voting_botos.modules.voting.views) | INFO:            write_log() - Accessing index page.
NoneType
2016-08-13 20:20:34,423.423 (voting_botos.modules.voting.views) | DEBUG:            write_log() - Getting user by ID of 6.
NoneType
2016-08-13 20:20:34,427.427 (voting_botos.modules.voting.views) | INFO:            write_log() - Current user is authenticated. Displaying voting page.
NoneType
2016-08-13 20:20:34,428.428 (voting_botos.modules.voting.views) | INFO:            write_log() - Current visitor is anonymous or inactive. Might need to say "Who you? You ain't my nigga."
NoneType
2016-08-13 20:32:56,058.58 (voting_botos.modules.voting.views) | INFO:            write_log() - Accessing index page.
NoneType
2016-08-13 20:32:56,060.60 (voting_botos.modules.voting.views) | DEBUG:            write_log() - Getting user by ID of 6.
NoneType
2016-08-13 20:32:56,066.66 (voting_botos.modules.voting.views) | INFO:            write_log() - Current user is authenticated. Displaying voting page.
NoneType
2016-08-13 20:32:56,067.67 (voting_botos.modules.voting.views) | INFO:            write_log() - Logged in user is a voter. Displaying the voting page.
NoneType
2016-08-13 20:32:56,069.69 (voting_botos.modules.voting.views) | INFO:            write_log() - Generating voting form.
NoneType
2016-08-13 20:32:56,073.73 (voting_botos.modules.voting.views) | INFO:            write_log() - Generating candidate 1.
NoneType
2016-08-13 20:32:56,076.76 (voting_botos.modules.voting.views) | INFO:            write_log() - Generating candidate 2.
NoneType
2016-08-13 20:32:56,080.80 (voting_botos.modules.voting.views) | INFO:            write_log() - Generating candidate 3.
NoneType
2016-08-13 20:32:56,082.82 (voting_botos.modules.voting.views) | INFO:            write_log() - Generating candidate 4.
NoneType
2016-08-13 20:33:07,323.323 (voting_botos.modules.voting.views) | INFO:            write_log() - Accessing index page.
NoneType
2016-08-13 20:33:07,325.325 (voting_botos.modules.voting.views) | DEBUG:            write_log() - Getting user by ID of 6.
NoneType
2016-08-13 20:33:07,332.332 (voting_botos.modules.voting.views) | INFO:            write_log() - Current user is authenticated. Displaying voting page.
NoneType
2016-08-13 20:33:07,334.334 (voting_botos.modules.voting.views) | INFO:            write_log() - Logged in user is a voter. Displaying the voting page.
NoneType
2016-08-13 20:33:07,337.337 (voting_botos.modules.voting.views) | INFO:            write_log() - Generating voting form.
NoneType
2016-08-13 20:33:07,343.343 (voting_botos.modules.voting.views) | INFO:            write_log() - Generating candidate 1.
NoneType
2016-08-13 20:33:07,346.346 (voting_botos.modules.voting.views) | INFO:            write_log() - Generating candidate 2.
NoneType
2016-08-13 20:33:07,351.351 (voting_botos.modules.voting.views) | INFO:            write_log() - Generating candidate 3.
NoneType
2016-08-13 20:33:07,355.355 (voting_botos.modules.voting.views) | INFO:            write_log() - Generating candidate 4.
NoneType
2016-08-13 20:33:10,227.227 (voting_botos.modules.voting.views) | INFO:            write_log() - Generating voting form.
NoneType
2016-08-13 20:33:10,232.232 (voting_botos.modules.voting.views) | INFO:            write_log() - Generating candidate 1.
NoneType
2016-08-13 20:33:10,235.235 (voting_botos.modules.voting.views) | INFO:            write_log() - Generating candidate 2.
NoneType
2016-08-13 20:33:10,241.241 (voting_botos.modules.voting.views) | INFO:            write_log() - Generating candidate 3.
NoneType
2016-08-13 20:33:10,243.243 (voting_botos.modules.voting.views) | INFO:            write_log() - Generating candidate 4.
NoneType
2016-08-13 20:33:10,246.246 (voting_botos.modules.voting.views) | DEBUG:            write_log() - Getting user by ID of 6.
NoneType
2016-08-13 20:33:10,463.463 (voting_botos.modules.voting.views) | DEBUG:            write_log() - Getting user by ID of 6.
NoneType
2016-08-13 20:33:10,468.468 (voting_botos.modules.voting.views) | INFO:            write_log() - Someone attempted to visit the thank you. Not sure if it was a voter, admin, or someone anonymous.
NoneType
2016-08-13 20:33:10,478.478 (voting_botos.modules.voting.views) | INFO:            write_log() - Accessing index page.
NoneType
2016-08-13 20:33:10,478.478 (voting_botos.modules.voting.views) | DEBUG:            write_log() - Getting user by ID of 6.
NoneType
2016-08-13 20:33:10,481.481 (voting_botos.modules.voting.views) | INFO:            write_log() - Current user is authenticated. Displaying voting page.
NoneType
2016-08-13 20:33:10,481.481 (voting_botos.modules.voting.views) | INFO:            write_log() - Current visitor is anonymous or inactive. Might need to say "Who you? You ain't my nigga."
NoneType
2016-08-13 20:34:07,556.556 (voting_botos.modules.voting.views) | INFO:            write_log() - Accessing index page.
NoneType
2016-08-13 20:34:07,557.557 (voting_botos.modules.voting.views) | DEBUG:            write_log() - Getting user by ID of 6.
NoneType
2016-08-13 20:34:07,560.560 (voting_botos.modules.voting.views) | INFO:            write_log() - Current user is authenticated. Displaying voting page.
NoneType
2016-08-13 20:34:07,560.560 (voting_botos.modules.voting.views) | INFO:            write_log() - Current visitor is anonymous or inactive. Might need to say "Who you? You ain't my nigga."
NoneType
2016-08-13 20:34:08,309.309 (voting_botos.modules.voting.views) | INFO:            write_log() - Accessing index page.
NoneType
2016-08-13 20:34:08,309.309 (voting_botos.modules.voting.views) | DEBUG:            write_log() - Getting user by ID of 6.
NoneType
2016-08-13 20:34:08,312.312 (voting_botos.modules.voting.views) | INFO:            write_log() - Current user is authenticated. Displaying voting page.
NoneType
2016-08-13 20:34:08,313.313 (voting_botos.modules.voting.views) | INFO:            write_log() - Current visitor is anonymous or inactive. Might need to say "Who you? You ain't my nigga."
NoneType
2016-08-13 20:34:08,559.559 (voting_botos.modules.voting.views) | INFO:            write_log() - Accessing index page.
NoneType
2016-08-13 20:34:08,560.560 (voting_botos.modules.voting.views) | DEBUG:            write_log() - Getting user by ID of 6.
NoneType
2016-08-13 20:34:08,563.563 (voting_botos.modules.voting.views) | INFO:            write_log() - Current user is authenticated. Displaying voting page.
NoneType
2016-08-13 20:34:08,563.563 (voting_botos.modules.voting.views) | INFO:            write_log() - Current visitor is anonymous or inactive. Might need to say "Who you? You ain't my nigga."
NoneType
2016-08-13 20:34:08,689.689 (voting_botos.modules.voting.views) | INFO:            write_log() - Accessing index page.
NoneType
2016-08-13 20:34:08,689.689 (voting_botos.modules.voting.views) | DEBUG:            write_log() - Getting user by ID of 6.
NoneType
2016-08-13 20:34:08,692.692 (voting_botos.modules.voting.views) | INFO:            write_log() - Current user is authenticated. Displaying voting page.
NoneType
2016-08-13 20:34:08,692.692 (voting_botos.modules.voting.views) | INFO:            write_log() - Current visitor is anonymous or inactive. Might need to say "Who you? You ain't my nigga."
NoneType
2016-08-13 20:34:08,896.896 (voting_botos.modules.voting.views) | INFO:            write_log() - Accessing index page.
NoneType
2016-08-13 20:34:08,899.899 (voting_botos.modules.voting.views) | DEBUG:            write_log() - Getting user by ID of 6.
NoneType
2016-08-13 20:34:08,901.901 (voting_botos.modules.voting.views) | INFO:            write_log() - Current user is authenticated. Displaying voting page.
NoneType
2016-08-13 20:34:08,902.902 (voting_botos.modules.voting.views) | INFO:            write_log() - Current visitor is anonymous or inactive. Might need to say "Who you? You ain't my nigga."
NoneType
2016-08-13 20:34:09,079.79 (voting_botos.modules.voting.views) | INFO:            write_log() - Accessing index page.
NoneType
2016-08-13 20:34:09,080.80 (voting_botos.modules.voting.views) | DEBUG:            write_log() - Getting user by ID of 6.
NoneType
2016-08-13 20:34:09,085.85 (voting_botos.modules.voting.views) | INFO:            write_log() - Current user is authenticated. Displaying voting page.
NoneType
2016-08-13 20:34:09,085.85 (voting_botos.modules.voting.views) | INFO:            write_log() - Current visitor is anonymous or inactive. Might need to say "Who you? You ain't my nigga."
NoneType
2016-08-13 21:06:47,375.375 (voting_botos.modules.voting.views) | INFO:            write_log() - Attempting to log in user qWpdw8Fn.
NoneType
2016-08-13 21:06:47,808.808 (voting_botos.modules.voting.views) | INFO:            write_log() - Invalid credentials entered for user qWpdw8Fn.
NoneType
2016-08-13 21:06:47,838.838 (voting_botos.modules.voting.views) | INFO:            write_log() - Accessing index page.
NoneType
2016-08-13 21:06:47,838.838 (voting_botos.modules.voting.views) | DEBUG:            write_log() - Getting user by ID of 6.
NoneType
2016-08-13 21:06:47,842.842 (voting_botos.modules.voting.views) | INFO:            write_log() - Current user is authenticated. Displaying voting page.
NoneType
2016-08-13 21:06:47,842.842 (voting_botos.modules.voting.views) | INFO:            write_log() - Current visitor is anonymous or inactive. Might need to say "Who you? You ain't my nigga."
NoneType
2016-08-13 21:06:58,430.430 (voting_botos.modules.voting.views) | INFO:            write_log() - Attempting to log in user qWpdw8Fn.
NoneType
2016-08-13 21:06:58,859.859 (voting_botos.modules.voting.views) | INFO:            write_log() - Invalid credentials entered for user qWpdw8Fn.
NoneType
2016-08-13 21:06:58,872.872 (voting_botos.modules.voting.views) | INFO:            write_log() - Accessing index page.
NoneType
2016-08-13 21:06:58,872.872 (voting_botos.modules.voting.views) | DEBUG:            write_log() - Getting user by ID of 6.
NoneType
2016-08-13 21:06:58,876.876 (voting_botos.modules.voting.views) | INFO:            write_log() - Current user is authenticated. Displaying voting page.
NoneType
2016-08-13 21:06:58,876.876 (voting_botos.modules.voting.views) | INFO:            write_log() - Current visitor is anonymous or inactive. Might need to say "Who you? You ain't my nigga."
NoneType
2016-08-13 21:07:12,626.626 (voting_botos.modules.voting.views) | INFO:            write_log() - Attempting to log in user qWpdw8Fn.
NoneType
2016-08-13 21:07:13,042.42 (voting_botos.modules.voting.views) | INFO:            write_log() - User qWpdw8Fn logged in successfully.
NoneType
2016-08-13 21:07:13,042.42 (voting_botos.modules.voting.views) | DEBUG:            write_log() - Current user role: voter
NoneType
2016-08-13 21:07:13,042.42 (voting_botos.modules.voting.views) | INFO:            write_log() - Username or password not entered.
NoneType
2016-08-13 21:07:13,050.50 (voting_botos.modules.voting.views) | INFO:            write_log() - Accessing index page.
NoneType
2016-08-13 21:07:13,051.51 (voting_botos.modules.voting.views) | DEBUG:            write_log() - Getting user by ID of 6.
NoneType
2016-08-13 21:07:13,054.54 (voting_botos.modules.voting.views) | INFO:            write_log() - Current user is authenticated. Displaying voting page.
NoneType
2016-08-13 21:07:13,054.54 (voting_botos.modules.voting.views) | INFO:            write_log() - Logged in user is a voter. Displaying the voting page.
NoneType
2016-08-13 21:07:13,056.56 (voting_botos.modules.voting.views) | INFO:            write_log() - Generating voting form.
NoneType
2016-08-13 21:07:13,062.62 (voting_botos.modules.voting.views) | INFO:            write_log() - Generating candidate 1.
NoneType
2016-08-13 21:07:13,064.64 (voting_botos.modules.voting.views) | INFO:            write_log() - Generating candidate 2.
NoneType
2016-08-13 21:07:13,068.68 (voting_botos.modules.voting.views) | INFO:            write_log() - Generating candidate 3.
NoneType
2016-08-13 21:07:13,070.70 (voting_botos.modules.voting.views) | INFO:            write_log() - Generating candidate 4.
NoneType
2016-08-13 21:07:15,691.691 (voting_botos.modules.voting.views) | INFO:            write_log() - Generating voting form.
NoneType
2016-08-13 21:07:15,699.699 (voting_botos.modules.voting.views) | INFO:            write_log() - Generating candidate 1.
NoneType
2016-08-13 21:07:15,702.702 (voting_botos.modules.voting.views) | INFO:            write_log() - Generating candidate 2.
NoneType
2016-08-13 21:07:15,707.707 (voting_botos.modules.voting.views) | INFO:            write_log() - Generating candidate 3.
NoneType
2016-08-13 21:07:15,710.710 (voting_botos.modules.voting.views) | INFO:            write_log() - Generating candidate 4.
NoneType
2016-08-13 21:07:15,713.713 (voting_botos.modules.voting.views) | DEBUG:            write_log() - Getting user by ID of 6.
NoneType
2016-08-13 21:07:15,856.856 (voting_botos.modules.voting.views) | DEBUG:            write_log() - Getting user by ID of 6.
NoneType
2016-08-13 21:07:15,859.859 (voting_botos.modules.voting.views) | INFO:            write_log() - Someone attempted to visit the thank you. Not sure if it was a voter, admin, or someone anonymous.
NoneType
2016-08-13 21:07:15,871.871 (voting_botos.modules.voting.views) | INFO:            write_log() - Accessing index page.
NoneType
2016-08-13 21:07:15,871.871 (voting_botos.modules.voting.views) | DEBUG:            write_log() - Getting user by ID of 6.
NoneType
2016-08-13 21:07:15,874.874 (voting_botos.modules.voting.views) | INFO:            write_log() - Current user is authenticated. Displaying voting page.
NoneType
2016-08-13 21:07:15,874.874 (voting_botos.modules.voting.views) | INFO:            write_log() - Current visitor is anonymous or inactive. Might need to say "Who you? You ain't my nigga."
NoneType
2016-08-13 21:08:36,331.331 (voting_botos.modules.voting.views) | DEBUG:            write_log() - Getting user by ID of 6.
NoneType
2016-08-13 21:08:36,334.334 (voting_botos.modules.voting.views) | INFO:            write_log() - Someone attempted to visit the thank you. Not sure if it was a voter, admin, or someone anonymous.
NoneType
2016-08-13 21:08:36,341.341 (voting_botos.modules.voting.views) | INFO:            write_log() - Accessing index page.
NoneType
2016-08-13 21:08:36,341.341 (voting_botos.modules.voting.views) | DEBUG:            write_log() - Getting user by ID of 6.
NoneType
2016-08-13 21:08:36,345.345 (voting_botos.modules.voting.views) | INFO:            write_log() - Current user is authenticated. Displaying voting page.
NoneType
2016-08-13 21:08:36,345.345 (voting_botos.modules.voting.views) | INFO:            write_log() - Current visitor is anonymous or inactive. Might need to say "Who you? You ain't my nigga."
NoneType
2016-08-13 21:08:40,045.45 (voting_botos.modules.voting.views) | DEBUG:            write_log() - Getting user by ID of 6.
NoneType
2016-08-13 21:08:40,048.48 (voting_botos.modules.voting.views) | INFO:            write_log() - Someone attempted to visit the thank you. Not sure if it was a voter, admin, or someone anonymous.
NoneType
2016-08-13 21:08:40,056.56 (voting_botos.modules.voting.views) | INFO:            write_log() - Accessing index page.
NoneType
2016-08-13 21:08:40,057.57 (voting_botos.modules.voting.views) | DEBUG:            write_log() - Getting user by ID of 6.
NoneType
2016-08-13 21:08:40,060.60 (voting_botos.modules.voting.views) | INFO:            write_log() - Current user is authenticated. Displaying voting page.
NoneType
2016-08-13 21:08:40,061.61 (voting_botos.modules.voting.views) | INFO:            write_log() - Current visitor is anonymous or inactive. Might need to say "Who you? You ain't my nigga."
NoneType
2016-08-13 21:53:49,387.387 (voting_botos.modules.voting.views) | INFO:            write_log() - Accessing index page.
NoneType
2016-08-13 21:53:49,431.431 (voting_botos.modules.voting.views) | DEBUG:            write_log() - Getting user by ID of 6.
NoneType
2016-08-13 21:53:49,435.435 (voting_botos.modules.voting.views) | INFO:            write_log() - Current user is authenticated. Displaying voting page.
NoneType
2016-08-13 21:53:49,436.436 (voting_botos.modules.voting.views) | INFO:            write_log() - Current visitor is anonymous or inactive. Might need to say "Who you? You ain't my nigga."
NoneType
2016-08-13 21:53:51,998.998 (voting_botos.modules.voting.views) | DEBUG:            write_log() - Getting user by ID of 6.
NoneType
2016-08-13 21:53:52,002.2 (voting_botos.modules.voting.views) | INFO:            write_log() - Someone attempted to visit the thank you. Not sure if it was a voter, admin, or someone anonymous.
NoneType
2016-08-13 21:53:52,008.8 (voting_botos.modules.voting.views) | INFO:            write_log() - Accessing index page.
NoneType
2016-08-13 21:53:52,008.8 (voting_botos.modules.voting.views) | DEBUG:            write_log() - Getting user by ID of 6.
NoneType
2016-08-13 21:53:52,012.12 (voting_botos.modules.voting.views) | INFO:            write_log() - Current user is authenticated. Displaying voting page.
NoneType
2016-08-13 21:53:52,012.12 (voting_botos.modules.voting.views) | INFO:            write_log() - Current visitor is anonymous or inactive. Might need to say "Who you? You ain't my nigga."
NoneType
2016-08-13 21:53:56,002.2 (voting_botos.modules.voting.views) | DEBUG:            write_log() - Getting user by ID of 6.
NoneType
2016-08-13 21:53:56,006.6 (voting_botos.modules.voting.views) | INFO:            write_log() - Someone attempted to visit the thank you. Not sure if it was a voter, admin, or someone anonymous.
NoneType
2016-08-13 21:53:56,014.14 (voting_botos.modules.voting.views) | INFO:            write_log() - Accessing index page.
NoneType
2016-08-13 21:53:56,014.14 (voting_botos.modules.voting.views) | DEBUG:            write_log() - Getting user by ID of 6.
NoneType
2016-08-13 21:53:56,018.18 (voting_botos.modules.voting.views) | INFO:            write_log() - Current user is authenticated. Displaying voting page.
NoneType
2016-08-13 21:53:56,018.18 (voting_botos.modules.voting.views) | INFO:            write_log() - Current visitor is anonymous or inactive. Might need to say "Who you? You ain't my nigga."
NoneType
2016-08-13 21:54:27,253.253 (voting_botos.modules.voting.views) | INFO:            write_log() - Attempting to log in user qWpdw8Fn.
NoneType
2016-08-13 21:54:27,665.665 (voting_botos.modules.voting.views) | INFO:            write_log() - Invalid credentials entered for user qWpdw8Fn.
NoneType
2016-08-13 21:54:27,672.672 (voting_botos.modules.voting.views) | INFO:            write_log() - Accessing index page.
NoneType
2016-08-13 21:54:27,672.672 (voting_botos.modules.voting.views) | DEBUG:            write_log() - Getting user by ID of 6.
NoneType
2016-08-13 21:54:27,675.675 (voting_botos.modules.voting.views) | INFO:            write_log() - Current user is authenticated. Displaying voting page.
NoneType
2016-08-13 21:54:27,675.675 (voting_botos.modules.voting.views) | INFO:            write_log() - Current visitor is anonymous or inactive. Might need to say "Who you? You ain't my nigga."
NoneType
2016-08-13 21:54:40,704.704 (voting_botos.modules.voting.views) | INFO:            write_log() - Attempting to log in user qWpdw8Fn.
NoneType
2016-08-13 21:54:41,127.127 (voting_botos.modules.voting.views) | INFO:            write_log() - User qWpdw8Fn logged in successfully.
NoneType
2016-08-13 21:54:41,128.128 (voting_botos.modules.voting.views) | DEBUG:            write_log() - Current user role: voter
NoneType
2016-08-13 21:54:41,128.128 (voting_botos.modules.voting.views) | INFO:            write_log() - Username or password not entered.
NoneType
2016-08-13 21:54:41,135.135 (voting_botos.modules.voting.views) | INFO:            write_log() - Accessing index page.
NoneType
2016-08-13 21:54:41,135.135 (voting_botos.modules.voting.views) | DEBUG:            write_log() - Getting user by ID of 6.
NoneType
2016-08-13 21:54:41,139.139 (voting_botos.modules.voting.views) | INFO:            write_log() - Current user is authenticated. Displaying voting page.
NoneType
2016-08-13 21:54:41,140.140 (voting_botos.modules.voting.views) | INFO:            write_log() - Logged in user is a voter. Displaying the voting page.
NoneType
2016-08-13 21:54:41,142.142 (voting_botos.modules.voting.views) | INFO:            write_log() - Generating voting form.
NoneType
2016-08-13 21:54:41,148.148 (voting_botos.modules.voting.views) | INFO:            write_log() - Generating candidate 1.
NoneType
2016-08-13 21:54:41,150.150 (voting_botos.modules.voting.views) | INFO:            write_log() - Generating candidate 2.
NoneType
2016-08-13 21:54:41,154.154 (voting_botos.modules.voting.views) | INFO:            write_log() - Generating candidate 3.
NoneType
2016-08-13 21:54:41,156.156 (voting_botos.modules.voting.views) | INFO:            write_log() - Generating candidate 4.
NoneType
2016-08-13 21:54:43,521.521 (voting_botos.modules.voting.views) | INFO:            write_log() - Accessing index page.
NoneType
2016-08-13 21:54:43,521.521 (voting_botos.modules.voting.views) | DEBUG:            write_log() - Getting user by ID of 6.
NoneType
2016-08-13 21:54:43,524.524 (voting_botos.modules.voting.views) | INFO:            write_log() - Current user is authenticated. Displaying voting page.
NoneType
2016-08-13 21:54:43,525.525 (voting_botos.modules.voting.views) | INFO:            write_log() - Logged in user is a voter. Displaying the voting page.
NoneType
2016-08-13 21:54:43,527.527 (voting_botos.modules.voting.views) | INFO:            write_log() - Generating voting form.
NoneType
2016-08-13 21:54:43,530.530 (voting_botos.modules.voting.views) | INFO:            write_log() - Generating candidate 1.
NoneType
2016-08-13 21:54:43,532.532 (voting_botos.modules.voting.views) | INFO:            write_log() - Generating candidate 2.
NoneType
2016-08-13 21:54:43,537.537 (voting_botos.modules.voting.views) | INFO:            write_log() - Generating candidate 3.
NoneType
2016-08-13 21:54:43,539.539 (voting_botos.modules.voting.views) | INFO:            write_log() - Generating candidate 4.
NoneType
2016-08-13 21:55:18,087.87 (voting_botos.modules.voting.views) | INFO:            write_log() - Generating voting form.
NoneType
2016-08-13 21:55:18,094.94 (voting_botos.modules.voting.views) | INFO:            write_log() - Generating candidate 1.
NoneType
2016-08-13 21:55:18,096.96 (voting_botos.modules.voting.views) | INFO:            write_log() - Generating candidate 2.
NoneType
2016-08-13 21:55:18,100.100 (voting_botos.modules.voting.views) | INFO:            write_log() - Generating candidate 3.
NoneType
2016-08-13 21:55:18,103.103 (voting_botos.modules.voting.views) | INFO:            write_log() - Generating candidate 4.
NoneType
2016-08-13 21:55:18,106.106 (voting_botos.modules.voting.views) | DEBUG:            write_log() - Getting user by ID of 6.
NoneType
2016-08-13 21:55:18,222.222 (voting_botos.modules.voting.views) | DEBUG:            write_log() - Getting user by ID of 6.
NoneType
2016-08-13 21:55:18,226.226 (voting_botos.modules.voting.views) | INFO:            write_log() - Someone attempted to visit the thank you. Not sure if it was a voter, admin, or someone anonymous.
NoneType
2016-08-13 21:55:18,232.232 (voting_botos.modules.voting.views) | INFO:            write_log() - Accessing index page.
NoneType
2016-08-13 21:55:18,232.232 (voting_botos.modules.voting.views) | DEBUG:            write_log() - Getting user by ID of 6.
NoneType
2016-08-13 21:55:18,235.235 (voting_botos.modules.voting.views) | INFO:            write_log() - Current user is authenticated. Displaying voting page.
NoneType
2016-08-13 21:55:18,235.235 (voting_botos.modules.voting.views) | INFO:            write_log() - Current visitor is anonymous or inactive. Might need to say "Who you? You ain't my nigga."
NoneType
2016-08-13 21:56:39,304.304 (voting_botos.modules.voting.views) | INFO:            write_log() - Accessing index page.
NoneType
2016-08-13 21:56:39,307.307 (voting_botos.modules.voting.views) | DEBUG:            write_log() - Getting user by ID of 6.
NoneType
2016-08-13 21:56:39,312.312 (voting_botos.modules.voting.views) | INFO:            write_log() - Current user is authenticated. Displaying voting page.
NoneType
2016-08-13 21:56:39,312.312 (voting_botos.modules.voting.views) | INFO:            write_log() - Current visitor is anonymous or inactive. Might need to say "Who you? You ain't my nigga."
NoneType
2016-08-13 21:56:50,501.501 (voting_botos.modules.voting.views) | INFO:            write_log() - Attempting to log in user qWpdw8Fn.
NoneType
2016-08-13 21:56:50,913.913 (voting_botos.modules.voting.views) | INFO:            write_log() - User qWpdw8Fn logged in successfully.
NoneType
2016-08-13 21:56:50,913.913 (voting_botos.modules.voting.views) | DEBUG:            write_log() - Current user role: voter
NoneType
2016-08-13 21:56:50,913.913 (voting_botos.modules.voting.views) | INFO:            write_log() - Username or password not entered.
NoneType
2016-08-13 21:56:50,923.923 (voting_botos.modules.voting.views) | INFO:            write_log() - Accessing index page.
NoneType
2016-08-13 21:56:50,923.923 (voting_botos.modules.voting.views) | DEBUG:            write_log() - Getting user by ID of 6.
NoneType
2016-08-13 21:56:50,925.925 (voting_botos.modules.voting.views) | INFO:            write_log() - Current user is authenticated. Displaying voting page.
NoneType
2016-08-13 21:56:50,926.926 (voting_botos.modules.voting.views) | INFO:            write_log() - Logged in user is a voter. Displaying the voting page.
NoneType
2016-08-13 21:56:50,928.928 (voting_botos.modules.voting.views) | INFO:            write_log() - Generating voting form.
NoneType
2016-08-13 21:56:50,932.932 (voting_botos.modules.voting.views) | INFO:            write_log() - Generating candidate 1.
NoneType
2016-08-13 21:56:50,936.936 (voting_botos.modules.voting.views) | INFO:            write_log() - Generating candidate 2.
NoneType
2016-08-13 21:56:50,939.939 (voting_botos.modules.voting.views) | INFO:            write_log() - Generating candidate 3.
NoneType
2016-08-13 21:56:50,941.941 (voting_botos.modules.voting.views) | INFO:            write_log() - Generating candidate 4.
NoneType
2016-08-13 21:56:53,211.211 (voting_botos.modules.voting.views) | INFO:            write_log() - Generating voting form.
NoneType
2016-08-13 21:56:53,215.215 (voting_botos.modules.voting.views) | INFO:            write_log() - Generating candidate 1.
NoneType
2016-08-13 21:56:53,218.218 (voting_botos.modules.voting.views) | INFO:            write_log() - Generating candidate 2.
NoneType
2016-08-13 21:56:53,223.223 (voting_botos.modules.voting.views) | INFO:            write_log() - Generating candidate 3.
NoneType
2016-08-13 21:56:53,225.225 (voting_botos.modules.voting.views) | INFO:            write_log() - Generating candidate 4.
NoneType
2016-08-13 21:56:53,230.230 (voting_botos.modules.voting.views) | DEBUG:            write_log() - Getting user by ID of 6.
NoneType
2016-08-13 21:56:53,391.391 (voting_botos.modules.voting.views) | DEBUG:            write_log() - Getting user by ID of 6.
NoneType
2016-08-13 21:56:53,395.395 (voting_botos.modules.voting.views) | INFO:            write_log() - Voter 6 finished voting. Accessing thank you page.
NoneType
2016-08-13 21:57:09,025.25 (voting_botos.modules.voting.views) | DEBUG:            write_log() - Getting user by ID of 6.
NoneType
2016-08-13 21:57:09,030.30 (voting_botos.modules.voting.views) | INFO:            write_log() - Voter 6 finished voting. Accessing thank you page.
NoneType
2016-08-13 21:57:52,069.69 (voting_botos.modules.voting.views) | DEBUG:            write_log() - Getting user by ID of 6.
NoneType
2016-08-13 21:57:52,073.73 (voting_botos.modules.voting.views) | INFO:            write_log() - Logging out user qWpdw8Fn.
NoneType
2016-08-13 21:57:53,824.824 (voting_botos.modules.voting.views) | DEBUG:            write_log() - Getting user by ID of 6.
NoneType
2016-08-13 21:57:53,827.827 (voting_botos.modules.voting.views) | INFO:            write_log() - Voter 6 finished voting. Accessing thank you page.
NoneType
2016-08-13 21:57:56,019.19 (voting_botos.modules.voting.views) | DEBUG:            write_log() - Getting user by ID of 6.
NoneType
2016-08-13 21:57:56,022.22 (voting_botos.modules.voting.views) | INFO:            write_log() - Logging out user qWpdw8Fn.
NoneType
2016-08-13 21:57:56,034.34 (voting_botos.modules.voting.views) | INFO:            write_log() - Accessing index page.
NoneType
2016-08-13 21:57:56,034.34 (voting_botos.modules.voting.views) | INFO:            write_log() - Current visitor is anonymous or inactive. Might need to say "Who you? You ain't my nigga."
NoneType
2016-08-13 21:59:45,846.846 (voting_botos.modules.voting.views) | INFO:            write_log() - Attempting to log in user qWpdw8Fn.
NoneType
2016-08-13 21:59:46,259.259 (voting_botos.modules.voting.views) | INFO:            write_log() - User qWpdw8Fn logged in successfully.
NoneType
2016-08-13 21:59:46,260.260 (voting_botos.modules.voting.views) | DEBUG:            write_log() - Current user role: voter
NoneType
2016-08-13 21:59:46,260.260 (voting_botos.modules.voting.views) | INFO:            write_log() - Username or password not entered.
NoneType
2016-08-13 21:59:46,268.268 (voting_botos.modules.voting.views) | INFO:            write_log() - Accessing index page.
NoneType
2016-08-13 21:59:46,269.269 (voting_botos.modules.voting.views) | DEBUG:            write_log() - Getting user by ID of 6.
NoneType
2016-08-13 21:59:46,272.272 (voting_botos.modules.voting.views) | INFO:            write_log() - Current user is authenticated. Displaying voting page.
NoneType
2016-08-13 21:59:46,273.273 (voting_botos.modules.voting.views) | INFO:            write_log() - Logged in user is a voter. Displaying the voting page.
NoneType
2016-08-13 21:59:46,275.275 (voting_botos.modules.voting.views) | INFO:            write_log() - Generating voting form.
NoneType
2016-08-13 21:59:46,281.281 (voting_botos.modules.voting.views) | INFO:            write_log() - Generating candidate 1.
NoneType
2016-08-13 21:59:46,284.284 (voting_botos.modules.voting.views) | INFO:            write_log() - Generating candidate 2.
NoneType
2016-08-13 21:59:46,288.288 (voting_botos.modules.voting.views) | INFO:            write_log() - Generating candidate 3.
NoneType
2016-08-13 21:59:46,290.290 (voting_botos.modules.voting.views) | INFO:            write_log() - Generating candidate 4.
NoneType
2016-08-13 21:59:54,876.876 (voting_botos.modules.voting.views) | INFO:            write_log() - Generating voting form.
NoneType
2016-08-13 21:59:54,880.880 (voting_botos.modules.voting.views) | INFO:            write_log() - Generating candidate 1.
NoneType
2016-08-13 21:59:54,883.883 (voting_botos.modules.voting.views) | INFO:            write_log() - Generating candidate 2.
NoneType
2016-08-13 21:59:54,888.888 (voting_botos.modules.voting.views) | INFO:            write_log() - Generating candidate 3.
NoneType
2016-08-13 21:59:54,891.891 (voting_botos.modules.voting.views) | INFO:            write_log() - Generating candidate 4.
NoneType
2016-08-13 21:59:54,894.894 (voting_botos.modules.voting.views) | INFO:            write_log() - Passing in voter data. Voting for candidate 3
NoneType
2016-08-13 21:59:54,894.894 (voting_botos.modules.voting.views) | DEBUG:            write_log() - Getting user by ID of 6.
NoneType
2016-08-13 21:59:55,085.85 (voting_botos.modules.voting.views) | DEBUG:            write_log() - Getting user by ID of 6.
NoneType
2016-08-13 21:59:55,090.90 (voting_botos.modules.voting.views) | INFO:            write_log() - Voter 6 finished voting. Accessing thank you page.
NoneType
2016-08-13 22:00:20,608.608 (voting_botos.modules.voting.views) | DEBUG:            write_log() - Getting user by ID of 6.
NoneType
2016-08-13 22:00:20,612.612 (voting_botos.modules.voting.views) | INFO:            write_log() - Logging out user qWpdw8Fn.
NoneType
2016-08-13 22:00:20,622.622 (voting_botos.modules.voting.views) | INFO:            write_log() - Accessing index page.
NoneType
2016-08-13 22:00:20,622.622 (voting_botos.modules.voting.views) | INFO:            write_log() - Current visitor is anonymous or inactive. Might need to say "Who you? You ain't my nigga."
NoneType
2016-08-13 22:00:32,624.624 (voting_botos.modules.voting.views) | INFO:            write_log() - Attempting to log in user qWpdw8Fn.
NoneType
2016-08-13 22:00:33,036.36 (voting_botos.modules.voting.views) | INFO:            write_log() - User qWpdw8Fn logged in successfully.
NoneType
2016-08-13 22:00:33,036.36 (voting_botos.modules.voting.views) | DEBUG:            write_log() - Current user role: voter
NoneType
2016-08-13 22:00:33,036.36 (voting_botos.modules.voting.views) | INFO:            write_log() - Username or password not entered.
NoneType
2016-08-13 22:00:33,045.45 (voting_botos.modules.voting.views) | INFO:            write_log() - Accessing index page.
NoneType
2016-08-13 22:00:33,046.46 (voting_botos.modules.voting.views) | DEBUG:            write_log() - Getting user by ID of 6.
NoneType
2016-08-13 22:00:33,049.49 (voting_botos.modules.voting.views) | INFO:            write_log() - Current user is authenticated. Displaying voting page.
NoneType
2016-08-13 22:00:33,050.50 (voting_botos.modules.voting.views) | INFO:            write_log() - Logged in user is a voter. Displaying the voting page.
NoneType
2016-08-13 22:00:33,052.52 (voting_botos.modules.voting.views) | INFO:            write_log() - Generating voting form.
NoneType
2016-08-13 22:00:33,060.60 (voting_botos.modules.voting.views) | INFO:            write_log() - Generating candidate 1.
NoneType
2016-08-13 22:00:33,064.64 (voting_botos.modules.voting.views) | INFO:            write_log() - Generating candidate 2.
NoneType
2016-08-13 22:00:33,068.68 (voting_botos.modules.voting.views) | INFO:            write_log() - Generating candidate 3.
NoneType
2016-08-13 22:00:33,070.70 (voting_botos.modules.voting.views) | INFO:            write_log() - Generating candidate 4.
NoneType
2016-08-13 22:02:10,693.693 (voting_botos.modules.voting.views) | INFO:            write_log() - Generating voting form.
NoneType
2016-08-13 22:02:10,699.699 (voting_botos.modules.voting.views) | INFO:            write_log() - Generating candidate 1.
NoneType
2016-08-13 22:02:10,702.702 (voting_botos.modules.voting.views) | INFO:            write_log() - Generating candidate 2.
NoneType
2016-08-13 22:02:10,705.705 (voting_botos.modules.voting.views) | INFO:            write_log() - Generating candidate 3.
NoneType
2016-08-13 22:02:10,707.707 (voting_botos.modules.voting.views) | INFO:            write_log() - Generating candidate 4.
NoneType
2016-08-13 22:02:10,710.710 (voting_botos.modules.voting.views) | DEBUG:            write_log() - Getting user by ID of 6.
NoneType
2016-08-13 22:02:10,822.822 (voting_botos.modules.voting.views) | DEBUG:            write_log() - Getting user by ID of 6.
NoneType
2016-08-13 22:02:10,825.825 (voting_botos.modules.voting.views) | INFO:            write_log() - Voter 6 finished voting. Accessing thank you page.
NoneType
2016-08-13 22:02:13,675.675 (voting_botos.modules.voting.views) | DEBUG:            write_log() - Getting user by ID of 6.
NoneType
2016-08-13 22:02:13,678.678 (voting_botos.modules.voting.views) | INFO:            write_log() - Logging out user qWpdw8Fn.
NoneType
2016-08-13 22:02:13,686.686 (voting_botos.modules.voting.views) | INFO:            write_log() - Accessing index page.
NoneType
2016-08-13 22:02:13,686.686 (voting_botos.modules.voting.views) | INFO:            write_log() - Current visitor is anonymous or inactive. Might need to say "Who you? You ain't my nigga."
NoneType
2016-08-13 22:18:41,350.350 (voting_botos.modules.voting.views) | INFO:            write_log() - Someone attempted to visit the thank you. Not sure if it was a voter, admin, or someone anonymous.
Traceback (most recent call last):
  File "/home/seanballais/Code/Projects/sage-aes/botos/modules/voting/views.py", line 311, in vote_thank_you
    throwaway = not current_user.is_active()
TypeError: 'bool' object is not callable
2016-08-13 22:18:41,369.369 (voting_botos.modules.voting.views) | INFO:            write_log() - Accessing index page.
NoneType
2016-08-13 22:18:41,369.369 (voting_botos.modules.voting.views) | INFO:            write_log() - Current visitor is anonymous or inactive. Might need to say "Who you? You ain't my nigga."
NoneType
2016-08-13 22:18:47,867.867 (voting_botos.modules.voting.views) | INFO:            write_log() - Someone attempted to visit the thank you. Not sure if it was a voter, admin, or someone anonymous.
Traceback (most recent call last):
  File "/home/seanballais/Code/Projects/sage-aes/botos/modules/voting/views.py", line 311, in vote_thank_you
    throwaway = not current_user.is_active()
TypeError: 'bool' object is not callable
2016-08-13 22:18:47,885.885 (voting_botos.modules.voting.views) | INFO:            write_log() - Accessing index page.
NoneType
2016-08-13 22:18:47,886.886 (voting_botos.modules.voting.views) | INFO:            write_log() - Current visitor is anonymous or inactive. Might need to say "Who you? You ain't my nigga."
NoneType
2016-08-14 16:39:21,390.390 (voting_botos.modules.voting.views) | INFO:            write_log() - Accessing index page.
NoneType
2016-08-14 16:39:21,407.407 (voting_botos.modules.voting.views) | INFO:            write_log() - Current visitor is anonymous or inactive. Might need to say "Who you? You ain't my nigga."
NoneType
2016-08-14 16:39:28,173.173 (voting_botos.modules.voting.views) | INFO:            write_log() - Attempting to log in user eduardo.
NoneType
2016-08-14 16:39:28,176.176 (voting_botos.modules.voting.views) | INFO:            write_log() - Invalid credentials entered for user eduardo.
NoneType
2016-08-14 16:39:28,182.182 (voting_botos.modules.voting.views) | INFO:            write_log() - Accessing index page.
NoneType
2016-08-14 16:39:28,183.183 (voting_botos.modules.voting.views) | INFO:            write_log() - Current visitor is anonymous or inactive. Might need to say "Who you? You ain't my nigga."
NoneType
2016-08-14 16:39:31,700.700 (voting_botos.modules.voting.views) | INFO:            write_log() - Attempting to log in user admin.
NoneType
2016-08-14 16:39:32,110.110 (voting_botos.modules.voting.views) | INFO:            write_log() - User admin logged in successfully.
NoneType
2016-08-14 16:39:32,110.110 (voting_botos.modules.voting.views) | DEBUG:            write_log() - Current user role: admin
NoneType
2016-08-14 16:39:32,129.129 (admin_botos.modules.admin.views) | INFO:            write_log() - Accessing admin index page.
NoneType
2016-08-14 16:39:32,130.130 (voting_botos.modules.voting.views) | DEBUG:            write_log() - Getting user by ID of 1.
NoneType
2016-08-14 16:39:32,132.132 (admin_botos.modules.admin.views) | INFO:            write_log() - Current user is authenticated. Displaying voting page.
NoneType
2016-08-14 16:39:32,133.133 (admin_botos.modules.admin.views) | INFO:            write_log() - Logged in user is an admin. Render admin panel.
NoneType
2016-08-14 16:39:43,477.477 (admin_botos.modules.admin.views) | INFO:            write_log() - Attempting to create admin Eduardo.
NoneType
2016-08-14 16:39:43,482.482 (admin_botos.modules.admin.views) | INFO:            write_log() - Created admin Eduardo with role viewer successfully.
NoneType
2016-08-14 16:39:44,052.52 (admin_botos.modules.admin.views) | INFO:            write_log() - Accessing admin index page.
NoneType
2016-08-14 16:39:44,052.52 (voting_botos.modules.voting.views) | DEBUG:            write_log() - Getting user by ID of 1.
NoneType
2016-08-14 16:39:44,054.54 (admin_botos.modules.admin.views) | INFO:            write_log() - Current user is authenticated. Displaying voting page.
NoneType
2016-08-14 16:39:44,054.54 (admin_botos.modules.admin.views) | INFO:            write_log() - Logged in user is an admin. Render admin panel.
NoneType
2016-08-14 16:39:45,607.607 (voting_botos.modules.voting.views) | DEBUG:            write_log() - Getting user by ID of 1.
NoneType
2016-08-14 16:39:45,611.611 (admin_botos.modules.admin.views) | INFO:            write_log() - Logging out user admin.
NoneType
2016-08-14 16:39:45,625.625 (admin_botos.modules.admin.views) | INFO:            write_log() - Accessing admin index page.
NoneType
2016-08-14 16:39:45,626.626 (admin_botos.modules.admin.views) | INFO:            write_log() - Current visitor is anonymous. Might need to say "Who you? You ain't my nigga. Identify!"
NoneType
2016-08-14 16:39:45,631.631 (voting_botos.modules.voting.views) | INFO:            write_log() - Accessing index page.
NoneType
2016-08-14 16:39:45,632.632 (voting_botos.modules.voting.views) | INFO:            write_log() - Current visitor is anonymous or inactive. Might need to say "Who you? You ain't my nigga."
NoneType
2016-08-14 16:39:50,159.159 (voting_botos.modules.voting.views) | INFO:            write_log() - Attempting to log in user Eduardo.
NoneType
2016-08-14 16:39:50,583.583 (voting_botos.modules.voting.views) | INFO:            write_log() - User Eduardo logged in successfully.
NoneType
2016-08-14 16:39:50,584.584 (voting_botos.modules.voting.views) | DEBUG:            write_log() - Current user role: viewer
NoneType
2016-08-14 16:39:50,601.601 (admin_botos.modules.admin.views) | INFO:            write_log() - Accessing admin index page.
NoneType
2016-08-14 16:39:50,601.601 (voting_botos.modules.voting.views) | DEBUG:            write_log() - Getting user by ID of 7.
NoneType
2016-08-14 16:39:50,603.603 (admin_botos.modules.admin.views) | INFO:            write_log() - Current user is authenticated. Displaying voting page.
NoneType
2016-08-14 16:39:50,603.603 (admin_botos.modules.admin.views) | INFO:            write_log() - Logged in user is a viewer. Render the vote statistics.
NoneType
2016-08-14 16:41:22,273.273 (admin_botos.modules.admin.views) | INFO:            write_log() - Accessing admin index page.
NoneType
2016-08-14 16:41:22,273.273 (voting_botos.modules.voting.views) | DEBUG:            write_log() - Getting user by ID of 7.
NoneType
2016-08-14 16:41:22,276.276 (admin_botos.modules.admin.views) | INFO:            write_log() - Current user is authenticated. Displaying voting page.
NoneType
2016-08-14 16:41:22,276.276 (admin_botos.modules.admin.views) | INFO:            write_log() - Logged in user is a viewer. Render the vote statistics.
NoneType
2016-08-14 16:41:40,591.591 (admin_botos.modules.admin.views) | INFO:            write_log() - Accessing admin index page.
NoneType
2016-08-14 16:41:40,592.592 (voting_botos.modules.voting.views) | DEBUG:            write_log() - Getting user by ID of 7.
NoneType
2016-08-14 16:41:40,595.595 (admin_botos.modules.admin.views) | INFO:            write_log() - Current user is authenticated. Displaying voting page.
NoneType
2016-08-14 16:41:40,595.595 (admin_botos.modules.admin.views) | INFO:            write_log() - Logged in user is a viewer. Render the vote statistics.
NoneType
2016-08-14 17:22:18,121.121 (admin_botos.modules.admin.views) | INFO:            write_log() - Accessing admin index page.
NoneType
2016-08-14 17:22:18,121.121 (voting_botos.modules.voting.views) | DEBUG:            write_log() - Getting user by ID of 7.
NoneType
2016-08-14 17:22:18,123.123 (admin_botos.modules.admin.views) | INFO:            write_log() - Current user is authenticated. Displaying voting page.
NoneType
2016-08-14 17:22:18,124.124 (admin_botos.modules.admin.views) | INFO:            write_log() - Logged in user is a viewer. Render the vote statistics.
NoneType
2016-08-14 17:22:19,256.256 (admin_botos.modules.admin.views) | INFO:            write_log() - Accessing admin index page.
NoneType
2016-08-14 17:22:19,257.257 (voting_botos.modules.voting.views) | DEBUG:            write_log() - Getting user by ID of 7.
NoneType
2016-08-14 17:22:19,259.259 (admin_botos.modules.admin.views) | INFO:            write_log() - Current user is authenticated. Displaying voting page.
NoneType
2016-08-14 17:22:19,260.260 (admin_botos.modules.admin.views) | INFO:            write_log() - Logged in user is a viewer. Render the vote statistics.
NoneType
2016-08-14 17:22:20,101.101 (admin_botos.modules.admin.views) | INFO:            write_log() - Accessing admin index page.
NoneType
2016-08-14 17:22:20,101.101 (voting_botos.modules.voting.views) | DEBUG:            write_log() - Getting user by ID of 7.
NoneType
2016-08-14 17:22:20,103.103 (admin_botos.modules.admin.views) | INFO:            write_log() - Current user is authenticated. Displaying voting page.
NoneType
2016-08-14 17:22:20,103.103 (admin_botos.modules.admin.views) | INFO:            write_log() - Logged in user is a viewer. Render the vote statistics.
NoneType
2016-08-14 17:23:08,342.342 (admin_botos.modules.admin.views) | INFO:            write_log() - Accessing admin index page.
NoneType
2016-08-14 17:23:08,343.343 (voting_botos.modules.voting.views) | DEBUG:            write_log() - Getting user by ID of 7.
NoneType
2016-08-14 17:23:08,345.345 (admin_botos.modules.admin.views) | INFO:            write_log() - Current user is authenticated. Displaying voting page.
NoneType
2016-08-14 17:23:08,345.345 (admin_botos.modules.admin.views) | INFO:            write_log() - Logged in user is a viewer. Render the vote statistics.
NoneType
2016-08-14 17:26:26,320.320 (admin_botos.modules.admin.views) | INFO:            write_log() - Accessing admin index page.
NoneType
2016-08-14 17:26:26,320.320 (voting_botos.modules.voting.views) | DEBUG:            write_log() - Getting user by ID of 7.
NoneType
2016-08-14 17:26:26,322.322 (admin_botos.modules.admin.views) | INFO:            write_log() - Current user is authenticated. Displaying voting page.
NoneType
2016-08-14 17:26:26,323.323 (admin_botos.modules.admin.views) | INFO:            write_log() - Logged in user is a viewer. Render the vote statistics.
NoneType
2016-08-14 17:26:28,171.171 (admin_botos.modules.admin.views) | INFO:            write_log() - Accessing admin index page.
NoneType
2016-08-14 17:26:28,171.171 (voting_botos.modules.voting.views) | DEBUG:            write_log() - Getting user by ID of 7.
NoneType
2016-08-14 17:26:28,174.174 (admin_botos.modules.admin.views) | INFO:            write_log() - Current user is authenticated. Displaying voting page.
NoneType
2016-08-14 17:26:28,174.174 (admin_botos.modules.admin.views) | INFO:            write_log() - Logged in user is a viewer. Render the vote statistics.
NoneType
2016-08-14 17:26:28,856.856 (admin_botos.modules.admin.views) | INFO:            write_log() - Accessing admin index page.
NoneType
2016-08-14 17:26:28,859.859 (voting_botos.modules.voting.views) | DEBUG:            write_log() - Getting user by ID of 7.
NoneType
2016-08-14 17:26:28,862.862 (admin_botos.modules.admin.views) | INFO:            write_log() - Current user is authenticated. Displaying voting page.
NoneType
2016-08-14 17:26:28,862.862 (admin_botos.modules.admin.views) | INFO:            write_log() - Logged in user is a viewer. Render the vote statistics.
NoneType
2016-08-14 17:26:29,119.119 (admin_botos.modules.admin.views) | INFO:            write_log() - Accessing admin index page.
NoneType
2016-08-14 17:26:29,119.119 (voting_botos.modules.voting.views) | DEBUG:            write_log() - Getting user by ID of 7.
NoneType
2016-08-14 17:26:29,122.122 (admin_botos.modules.admin.views) | INFO:            write_log() - Current user is authenticated. Displaying voting page.
NoneType
2016-08-14 17:26:29,122.122 (admin_botos.modules.admin.views) | INFO:            write_log() - Logged in user is a viewer. Render the vote statistics.
NoneType
2016-08-14 17:26:29,239.239 (admin_botos.modules.admin.views) | INFO:            write_log() - Accessing admin index page.
NoneType
2016-08-14 17:26:29,239.239 (voting_botos.modules.voting.views) | DEBUG:            write_log() - Getting user by ID of 7.
NoneType
2016-08-14 17:26:29,243.243 (admin_botos.modules.admin.views) | INFO:            write_log() - Current user is authenticated. Displaying voting page.
NoneType
2016-08-14 17:26:29,243.243 (admin_botos.modules.admin.views) | INFO:            write_log() - Logged in user is a viewer. Render the vote statistics.
NoneType
2016-08-14 17:26:30,298.298 (admin_botos.modules.admin.views) | INFO:            write_log() - Accessing admin index page.
NoneType
2016-08-14 17:26:30,298.298 (voting_botos.modules.voting.views) | DEBUG:            write_log() - Getting user by ID of 7.
NoneType
2016-08-14 17:26:30,300.300 (admin_botos.modules.admin.views) | INFO:            write_log() - Current user is authenticated. Displaying voting page.
NoneType
2016-08-14 17:26:30,300.300 (admin_botos.modules.admin.views) | INFO:            write_log() - Logged in user is a viewer. Render the vote statistics.
NoneType
2016-08-14 17:26:30,545.545 (admin_botos.modules.admin.views) | INFO:            write_log() - Accessing admin index page.
NoneType
2016-08-14 17:26:30,546.546 (voting_botos.modules.voting.views) | DEBUG:            write_log() - Getting user by ID of 7.
NoneType
2016-08-14 17:26:30,548.548 (admin_botos.modules.admin.views) | INFO:            write_log() - Current user is authenticated. Displaying voting page.
NoneType
2016-08-14 17:26:30,549.549 (admin_botos.modules.admin.views) | INFO:            write_log() - Logged in user is a viewer. Render the vote statistics.
NoneType
2016-08-14 17:29:33,330.330 (admin_botos.modules.admin.views) | INFO:            write_log() - Accessing admin index page.
NoneType
2016-08-14 17:29:33,330.330 (voting_botos.modules.voting.views) | DEBUG:            write_log() - Getting user by ID of 7.
NoneType
2016-08-14 17:29:33,333.333 (admin_botos.modules.admin.views) | INFO:            write_log() - Current user is authenticated. Displaying voting page.
NoneType
2016-08-14 17:29:33,333.333 (admin_botos.modules.admin.views) | INFO:            write_log() - Logged in user is a viewer. Render the vote statistics.
NoneType
2016-08-14 17:29:35,353.353 (admin_botos.modules.admin.views) | INFO:            write_log() - Accessing admin index page.
NoneType
2016-08-14 17:29:35,354.354 (voting_botos.modules.voting.views) | DEBUG:            write_log() - Getting user by ID of 7.
NoneType
2016-08-14 17:29:35,356.356 (admin_botos.modules.admin.views) | INFO:            write_log() - Current user is authenticated. Displaying voting page.
NoneType
2016-08-14 17:29:35,356.356 (admin_botos.modules.admin.views) | INFO:            write_log() - Logged in user is a viewer. Render the vote statistics.
NoneType
2016-08-14 17:29:36,092.92 (admin_botos.modules.admin.views) | INFO:            write_log() - Accessing admin index page.
NoneType
2016-08-14 17:29:36,092.92 (voting_botos.modules.voting.views) | DEBUG:            write_log() - Getting user by ID of 7.
NoneType
2016-08-14 17:29:36,094.94 (admin_botos.modules.admin.views) | INFO:            write_log() - Current user is authenticated. Displaying voting page.
NoneType
2016-08-14 17:29:36,094.94 (admin_botos.modules.admin.views) | INFO:            write_log() - Logged in user is a viewer. Render the vote statistics.
NoneType
2016-08-14 17:29:36,385.385 (admin_botos.modules.admin.views) | INFO:            write_log() - Accessing admin index page.
NoneType
2016-08-14 17:29:36,385.385 (voting_botos.modules.voting.views) | DEBUG:            write_log() - Getting user by ID of 7.
NoneType
2016-08-14 17:29:36,387.387 (admin_botos.modules.admin.views) | INFO:            write_log() - Current user is authenticated. Displaying voting page.
NoneType
2016-08-14 17:29:36,388.388 (admin_botos.modules.admin.views) | INFO:            write_log() - Logged in user is a viewer. Render the vote statistics.
NoneType
2016-08-14 17:29:36,847.847 (admin_botos.modules.admin.views) | INFO:            write_log() - Accessing admin index page.
NoneType
2016-08-14 17:29:36,848.848 (voting_botos.modules.voting.views) | DEBUG:            write_log() - Getting user by ID of 7.
NoneType
2016-08-14 17:29:36,849.849 (admin_botos.modules.admin.views) | INFO:            write_log() - Current user is authenticated. Displaying voting page.
NoneType
2016-08-14 17:29:36,850.850 (admin_botos.modules.admin.views) | INFO:            write_log() - Logged in user is a viewer. Render the vote statistics.
NoneType
2016-08-14 17:29:56,494.494 (admin_botos.modules.admin.views) | INFO:            write_log() - Accessing admin index page.
NoneType
2016-08-14 17:29:56,497.497 (voting_botos.modules.voting.views) | DEBUG:            write_log() - Getting user by ID of 7.
NoneType
2016-08-14 17:29:56,499.499 (admin_botos.modules.admin.views) | INFO:            write_log() - Current user is authenticated. Displaying voting page.
NoneType
2016-08-14 17:29:56,499.499 (admin_botos.modules.admin.views) | INFO:            write_log() - Logged in user is a viewer. Render the vote statistics.
NoneType
2016-08-14 17:50:41,608.608 (admin_botos.modules.admin.views) | INFO:            write_log() - Accessing admin index page.
NoneType
2016-08-14 17:50:41,608.608 (voting_botos.modules.voting.views) | DEBUG:            write_log() - Getting user by ID of 7.
NoneType
2016-08-14 17:50:41,610.610 (admin_botos.modules.admin.views) | INFO:            write_log() - Current user is authenticated. Displaying voting page.
NoneType
2016-08-14 17:50:41,610.610 (admin_botos.modules.admin.views) | INFO:            write_log() - Logged in user is a viewer. Render the vote statistics.
NoneType
2016-08-14 17:50:57,418.418 (admin_botos.modules.admin.views) | INFO:            write_log() - Accessing admin index page.
NoneType
2016-08-14 17:50:57,418.418 (voting_botos.modules.voting.views) | DEBUG:            write_log() - Getting user by ID of 7.
NoneType
2016-08-14 17:50:57,420.420 (admin_botos.modules.admin.views) | INFO:            write_log() - Current user is authenticated. Displaying voting page.
NoneType
2016-08-14 17:50:57,421.421 (admin_botos.modules.admin.views) | INFO:            write_log() - Logged in user is a viewer. Render the vote statistics.
NoneType
2016-08-14 17:51:19,592.592 (admin_botos.modules.admin.views) | INFO:            write_log() - Accessing admin index page.
NoneType
2016-08-14 17:51:19,593.593 (voting_botos.modules.voting.views) | DEBUG:            write_log() - Getting user by ID of 7.
NoneType
2016-08-14 17:51:19,595.595 (admin_botos.modules.admin.views) | INFO:            write_log() - Current user is authenticated. Displaying voting page.
NoneType
2016-08-14 17:51:19,595.595 (admin_botos.modules.admin.views) | INFO:            write_log() - Logged in user is a viewer. Render the vote statistics.
NoneType
2016-08-14 17:52:32,848.848 (admin_botos.modules.admin.views) | INFO:            write_log() - Accessing admin index page.
NoneType
2016-08-14 17:52:32,849.849 (voting_botos.modules.voting.views) | DEBUG:            write_log() - Getting user by ID of 7.
NoneType
2016-08-14 17:52:32,852.852 (admin_botos.modules.admin.views) | INFO:            write_log() - Current user is authenticated. Displaying voting page.
NoneType
2016-08-14 17:52:32,852.852 (admin_botos.modules.admin.views) | INFO:            write_log() - Logged in user is a viewer. Render the vote statistics.
NoneType
2016-08-14 17:53:28,361.361 (admin_botos.modules.admin.views) | INFO:            write_log() - Accessing admin index page.
NoneType
2016-08-14 17:53:28,362.362 (voting_botos.modules.voting.views) | DEBUG:            write_log() - Getting user by ID of 7.
NoneType
2016-08-14 17:53:28,364.364 (admin_botos.modules.admin.views) | INFO:            write_log() - Current user is authenticated. Displaying voting page.
NoneType
2016-08-14 17:53:28,364.364 (admin_botos.modules.admin.views) | INFO:            write_log() - Logged in user is a viewer. Render the vote statistics.
NoneType
2016-08-14 17:53:53,925.925 (admin_botos.modules.admin.views) | INFO:            write_log() - Accessing admin index page.
NoneType
2016-08-14 17:53:53,925.925 (voting_botos.modules.voting.views) | DEBUG:            write_log() - Getting user by ID of 7.
NoneType
2016-08-14 17:53:53,927.927 (admin_botos.modules.admin.views) | INFO:            write_log() - Current user is authenticated. Displaying voting page.
NoneType
2016-08-14 17:53:53,927.927 (admin_botos.modules.admin.views) | INFO:            write_log() - Logged in user is a viewer. Render the vote statistics.
NoneType
2016-08-14 17:56:54,425.425 (admin_botos.modules.admin.views) | INFO:            write_log() - Accessing admin index page.
NoneType
2016-08-14 17:56:54,426.426 (voting_botos.modules.voting.views) | DEBUG:            write_log() - Getting user by ID of 7.
NoneType
2016-08-14 17:56:54,429.429 (admin_botos.modules.admin.views) | INFO:            write_log() - Current user is authenticated. Displaying voting page.
NoneType
2016-08-14 17:56:54,429.429 (admin_botos.modules.admin.views) | INFO:            write_log() - Logged in user is a viewer. Render the vote statistics.
NoneType
2016-08-14 17:57:25,217.217 (admin_botos.modules.admin.views) | INFO:            write_log() - Accessing admin index page.
NoneType
2016-08-14 17:57:25,218.218 (voting_botos.modules.voting.views) | DEBUG:            write_log() - Getting user by ID of 7.
NoneType
2016-08-14 17:57:25,221.221 (admin_botos.modules.admin.views) | INFO:            write_log() - Current user is authenticated. Displaying voting page.
NoneType
2016-08-14 17:57:25,221.221 (admin_botos.modules.admin.views) | INFO:            write_log() - Logged in user is a viewer. Render the vote statistics.
NoneType
2016-08-14 17:59:32,999.999 (admin_botos.modules.admin.views) | INFO:            write_log() - Accessing admin index page.
NoneType
2016-08-14 17:59:33,000.0 (voting_botos.modules.voting.views) | DEBUG:            write_log() - Getting user by ID of 7.
NoneType
2016-08-14 17:59:33,003.3 (admin_botos.modules.admin.views) | INFO:            write_log() - Current user is authenticated. Displaying voting page.
NoneType
2016-08-14 17:59:33,003.3 (admin_botos.modules.admin.views) | INFO:            write_log() - Logged in user is a viewer. Render the vote statistics.
NoneType
2016-08-14 18:31:22,943.943 (admin_botos.modules.admin.views) | INFO:            write_log() - Accessing admin index page.
NoneType
2016-08-14 18:31:22,945.945 (voting_botos.modules.voting.views) | DEBUG:            write_log() - Getting user by ID of 7.
NoneType
2016-08-14 18:31:22,948.948 (admin_botos.modules.admin.views) | INFO:            write_log() - Current user is authenticated. Displaying voting page.
NoneType
2016-08-14 18:31:22,948.948 (admin_botos.modules.admin.views) | INFO:            write_log() - Logged in user is a viewer. Render the vote statistics.
NoneType
2016-08-14 18:31:42,339.339 (admin_botos.modules.admin.views) | INFO:            write_log() - Accessing admin index page.
NoneType
2016-08-14 18:31:42,339.339 (voting_botos.modules.voting.views) | DEBUG:            write_log() - Getting user by ID of 7.
NoneType
2016-08-14 18:31:42,341.341 (admin_botos.modules.admin.views) | INFO:            write_log() - Current user is authenticated. Displaying voting page.
NoneType
2016-08-14 18:31:42,342.342 (admin_botos.modules.admin.views) | INFO:            write_log() - Logged in user is a viewer. Render the vote statistics.
NoneType
2016-08-14 18:32:05,823.823 (admin_botos.modules.admin.views) | INFO:            write_log() - Accessing admin index page.
NoneType
2016-08-14 18:32:05,823.823 (voting_botos.modules.voting.views) | DEBUG:            write_log() - Getting user by ID of 7.
NoneType
2016-08-14 18:32:05,825.825 (admin_botos.modules.admin.views) | INFO:            write_log() - Current user is authenticated. Displaying voting page.
NoneType
2016-08-14 18:32:05,826.826 (admin_botos.modules.admin.views) | INFO:            write_log() - Logged in user is a viewer. Render the vote statistics.
NoneType
2016-08-14 18:33:32,499.499 (admin_botos.modules.admin.views) | INFO:            write_log() - Accessing admin index page.
NoneType
2016-08-14 18:33:32,499.499 (voting_botos.modules.voting.views) | DEBUG:            write_log() - Getting user by ID of 7.
NoneType
2016-08-14 18:33:32,501.501 (admin_botos.modules.admin.views) | INFO:            write_log() - Current user is authenticated. Displaying voting page.
NoneType
2016-08-14 18:33:32,501.501 (admin_botos.modules.admin.views) | INFO:            write_log() - Logged in user is a viewer. Render the vote statistics.
NoneType
